#
# There is insufficient memory for the Java Runtime Environment to continue.
# Native memory allocation (mmap) failed to map 1073741824 bytes for Failed to commit area from 0x0000000400800000 to 0x0000000440800000 of length 1073741824.
# Possible reasons:
#   The system is out of physical RAM or swap space
#   The process is running with CompressedOops enabled, and the Java Heap may be blocking the growth of the native heap
# Possible solutions:
#   Reduce memory load on the system
#   Increase physical memory or swap space
#   Check if swap backing store is full
#   Decrease Java heap size (-Xmx/-Xms)
#   Decrease number of Java threads
#   Decrease Java thread stack sizes (-Xss)
#   Set larger code cache with -XX:ReservedCodeCacheSize=
# This output file may be truncated or incomplete.
#
#  Out of Memory Error (./src/hotspot/os/windows/os_windows.cpp:3301), pid=272156, tid=271268
#
# JRE version:  (11.0.10+8) (build )
# Java VM: OpenJDK 64-Bit Server VM (11.0.10+8-b1145.96, mixed mode, sharing, tiered, compressed oops, g1 gc, windows-amd64)
# No core dump will be written. Minidumps are not enabled by default on client versions of Windows
#

---------------  S U M M A R Y ------------

Command Line: org.jetbrains.git4idea.http.GitAskPassApp Username for 'https://github.com': 

Host: Intel(R) Xeon(R) CPU E5-2697 v2 @ 2.70GHz, 24 cores, 63G,  Windows 10 , 64 bit Build 19041 (10.0.19041.804)
Time: Mon Mar 29 10:37:05 2021 Œrodkowoeuropejski czas letni elapsed time: 0.021489 seconds (0d 0h 0m 0s)

---------------  T H R E A D  ---------------

Current thread (0x000002333f191000):  JavaThread "Unknown thread" [_thread_in_vm, id=271268, stack(0x0000007daf500000,0x0000007daf600000)]

Stack: [0x0000007daf500000,0x0000007daf600000]
Native frames: (J=compiled Java code, j=interpreted, Vv=VM code, C=native code)
V  [jvm.dll+0x5ece6a]
V  [jvm.dll+0x722cd5]
V  [jvm.dll+0x72422d]
V  [jvm.dll+0x7248e3]
V  [jvm.dll+0x2428d8]
V  [jvm.dll+0x5ea244]
V  [jvm.dll+0x5df2e5]
V  [jvm.dll+0x2fdddb]
V  [jvm.dll+0x2fdd4a]
V  [jvm.dll+0x2fdc22]
V  [jvm.dll+0x302b06]
V  [jvm.dll+0x34b033]
V  [jvm.dll+0x34b736]
V  [jvm.dll+0x34b133]
V  [jvm.dll+0x2d87d8]
V  [jvm.dll+0x2d9987]
V  [jvm.dll+0x701817]
V  [jvm.dll+0x70300c]
V  [jvm.dll+0x3585a9]
V  [jvm.dll+0x6e516e]
V  [jvm.dll+0x3c09e3]
V  [jvm.dll+0x3c2c71]
C  [jli.dll+0x5373]
C  [ucrtbase.dll+0x21bb2]
C  [KERNEL32.DLL+0x17034]
C  [ntdll.dll+0x52651]


---------------  P R O C E S S  ---------------

Threads class SMR info:
_java_thread_list=0x000002333eef2810, length=0, elements={
}

Java Threads: ( => current thread )

Other Threads:
  0x000002333f1ab000 GCTaskThread "GC Thread#0" [stack: 0x0000007daf600000,0x0000007daf700000] [id=271656]
  0x000002333f268800 ConcurrentGCThread "G1 Main Marker" [stack: 0x0000007daf700000,0x0000007daf800000] [id=271348]
  0x000002333f26b000 ConcurrentGCThread "G1 Conc#0" [stack: 0x0000007daf800000,0x0000007daf900000] [id=272252]

[error occurred during error reporting (printing all threads), id 0xc0000005, EXCEPTION_ACCESS_VIOLATION (0xc0000005) at pc=0x00007ffacafa8db7]

VM state:not at safepoint (not fully initialized)

VM Mutex/Monitor currently owned by a thread:  ([mutex/lock_event])
[0x000002333f18bbd0] Heap_lock - owner thread: 0x000002333f191000

Heap address: 0x0000000400800000, size: 16376 MB, Compressed Oops mode: Non-zero based: 0x0000000400800000
Narrow klass base: 0x0000000000000000, Narrow klass shift: 0

GC Heap History (0 events):
No events

Deoptimization events (0 events):
No events

Classes redefined (0 events):
No events

Internal exceptions (0 events):
No events

Events (1 events):
Event: 0.014 Loaded shared library C:\Program Files\JetBrains\IntelliJ IDEA Community Edition 2020.1.1\jbr\bin\zip.dll


Dynamic libraries:
0x00007ff71efa0000 - 0x00007ff71efaa000 	C:\Program Files\JetBrains\IntelliJ IDEA Community Edition 2020.1.1\jbr\bin\java.exe
0x00007ffb97270000 - 0x00007ffb97465000 	C:\WINDOWS\SYSTEM32\ntdll.dll
0x00007ffb953f0000 - 0x00007ffb954ad000 	C:\WINDOWS\System32\KERNEL32.DLL
0x00007ffb94ab0000 - 0x00007ffb94d79000 	C:\WINDOWS\System32\KERNELBASE.dll
0x00007ffb949b0000 - 0x00007ffb94ab0000 	C:\WINDOWS\System32\ucrtbase.dll
0x00007ffb6c0d0000 - 0x00007ffb6c0e9000 	C:\Program Files\JetBrains\IntelliJ IDEA Community Edition 2020.1.1\jbr\bin\jli.dll
0x00007ffb6adf0000 - 0x00007ffb6ae07000 	C:\Program Files\JetBrains\IntelliJ IDEA Community Edition 2020.1.1\jbr\bin\VCRUNTIME140.dll
0x00007ffb967a0000 - 0x00007ffb96940000 	C:\WINDOWS\System32\USER32.dll
0x00007ffb94e10000 - 0x00007ffb94e32000 	C:\WINDOWS\System32\win32u.dll
0x00007ffb957a0000 - 0x00007ffb957ca000 	C:\WINDOWS\System32\GDI32.dll
0x00007ffb7f020000 - 0x00007ffb7f2ba000 	C:\WINDOWS\WinSxS\amd64_microsoft.windows.common-controls_6595b64144ccf1df_6.0.19041.844_none_ca00b6081b84eb1d\COMCTL32.dll
0x00007ffb94ff0000 - 0x00007ffb950fb000 	C:\WINDOWS\System32\gdi32full.dll
0x00007ffb95a30000 - 0x00007ffb95ace000 	C:\WINDOWS\System32\msvcrt.dll
0x00007ffb951b0000 - 0x00007ffb9524d000 	C:\WINDOWS\System32\msvcp_win.dll
0x00007ffb966b0000 - 0x00007ffb966e0000 	C:\WINDOWS\System32\IMM32.DLL
0x00007ffb67c40000 - 0x00007ffb67cdd000 	C:\Program Files\JetBrains\IntelliJ IDEA Community Edition 2020.1.1\jbr\bin\msvcp140.dll
0x00007ffacacc0000 - 0x00007ffacb790000 	C:\Program Files\JetBrains\IntelliJ IDEA Community Edition 2020.1.1\jbr\bin\server\jvm.dll
0x00007ffb96a80000 - 0x00007ffb96b2c000 	C:\WINDOWS\System32\ADVAPI32.dll
0x00007ffb95620000 - 0x00007ffb956bc000 	C:\WINDOWS\System32\sechost.dll
0x00007ffb96220000 - 0x00007ffb9634b000 	C:\WINDOWS\System32\RPCRT4.dll
0x00007ffb96c00000 - 0x00007ffb96c08000 	C:\WINDOWS\System32\PSAPI.DLL
0x00007ffb81670000 - 0x00007ffb81679000 	C:\WINDOWS\SYSTEM32\WSOCK32.dll
0x00007ffb865f0000 - 0x00007ffb86617000 	C:\WINDOWS\SYSTEM32\WINMM.dll
0x00007ffb8f500000 - 0x00007ffb8f50a000 	C:\WINDOWS\SYSTEM32\VERSION.dll
0x00007ffb96b30000 - 0x00007ffb96b9b000 	C:\WINDOWS\System32\WS2_32.dll
0x00007ffb92930000 - 0x00007ffb92942000 	C:\WINDOWS\SYSTEM32\kernel.appcore.dll
0x00007ffb79960000 - 0x00007ffb79971000 	C:\Program Files\JetBrains\IntelliJ IDEA Community Edition 2020.1.1\jbr\bin\verify.dll
0x00007ffb832c0000 - 0x00007ffb834a4000 	C:\WINDOWS\SYSTEM32\DBGHELP.DLL
0x00007ffb82a80000 - 0x00007ffb82aac000 	C:\WINDOWS\SYSTEM32\dbgcore.DLL
0x00007ffb95250000 - 0x00007ffb952d0000 	C:\WINDOWS\System32\bcryptPrimitives.dll
0x00007ffb78020000 - 0x00007ffb78049000 	C:\Program Files\JetBrains\IntelliJ IDEA Community Edition 2020.1.1\jbr\bin\java.dll
0x00007ffb8c4a0000 - 0x00007ffb8c4ab000 	C:\Program Files\JetBrains\IntelliJ IDEA Community Edition 2020.1.1\jbr\bin\jimage.dll
0x00007ffb78000000 - 0x00007ffb78018000 	C:\Program Files\JetBrains\IntelliJ IDEA Community Edition 2020.1.1\jbr\bin\zip.dll

dbghelp: loaded successfully - version: 4.0.5 - missing functions: none
symbol engine: initialized successfully - sym options: 0x614 - pdb path: .;C:\Program Files\JetBrains\IntelliJ IDEA Community Edition 2020.1.1\jbr\bin;C:\WINDOWS\SYSTEM32;C:\WINDOWS\WinSxS\amd64_microsoft.windows.common-controls_6595b64144ccf1df_6.0.19041.844_none_ca00b6081b84eb1d;C:\Program Files\JetBrains\IntelliJ IDEA Community Edition 2020.1.1\jbr\bin\server

VM Arguments:
java_command: org.jetbrains.git4idea.http.GitAskPassApp Username for 'https://github.com': 
java_class_path (initial): C:/Program Files/JetBrains/IntelliJ IDEA Community Edition 2020.1.1/plugins/git4idea/lib/git4idea-rt.jar;C:/Program Files/JetBrains/IntelliJ IDEA Community Edition 2020.1.1/lib/xmlrpc-2.0.1.jar;C:/Program Files/JetBrains/IntelliJ IDEA Community Edition 2020.1.1/lib/commons-codec-1.14.jar
Launcher Type: SUN_STANDARD

[Global flags]
     intx CICompilerCount                          = 12                                        {product} {ergonomic}
     uint ConcGCThreads                            = 5                                         {product} {ergonomic}
     uint G1ConcRefinementThreads                  = 18                                        {product} {ergonomic}
   size_t G1HeapRegionSize                         = 4194304                                   {product} {ergonomic}
    uintx GCDrainStackTargetSize                   = 64                                        {product} {ergonomic}
   size_t InitialHeapSize                          = 1073741824                                {product} {ergonomic}
   size_t MarkStackSize                            = 4194304                                   {product} {ergonomic}
   size_t MaxHeapSize                              = 17171480576                               {product} {ergonomic}
   size_t MinHeapDeltaBytes                        = 4194304                                   {product} {ergonomic}
    uintx NonNMethodCodeHeapSize                   = 7594288                                {pd product} {ergonomic}
    uintx NonProfiledCodeHeapSize                  = 122031976                              {pd product} {ergonomic}
    uintx ProfiledCodeHeapSize                     = 122031976                              {pd product} {ergonomic}
    uintx ReservedCodeCacheSize                    = 251658240                              {pd product} {ergonomic}
     bool SegmentedCodeCache                       = true                                      {product} {ergonomic}
     bool UseCompressedClassPointers               = true                                 {lp64_product} {ergonomic}
     bool UseCompressedOops                        = true                                 {lp64_product} {ergonomic}
     bool UseG1GC                                  = true                                      {product} {ergonomic}
     bool UseLargePagesIndividualAllocation        = false                                  {pd product} {ergonomic}

Logging:
Log output configuration:
 #0: stdout all=warning uptime,level,tags
 #1: stderr all=off uptime,level,tags

Environment Variables:
PATH=C:\Program Files\Git\mingw64\libexec\git-core;C:\Program Files\Git\mingw64\libexec\git-core;C:\Program Files\Git\mingw64\bin;C:\Program Files\Git\usr\bin;C:\Users\Xeon\bin;C:\WINDOWS\system32;C:\WINDOWS;C:\WINDOWS\System32\Wbem;C:\WINDOWS\System32\WindowsPowerShell\v1.0;C:\Program Files\Common Files\Autodesk Shared;C:\Program Files (x86)\Autodesk\Backburner;C:\Program Files (x86)\QuickTime\QTSystem;C:\WINDOWS\System32\OpenSSH;C:\Program Files\Microsoft SQL Server\120\Tools\Binn;C:\Program Files\PuTTY;C:\Program Files\Git\cmd;C:\Program Files\MySQL\MySQL Shell 8.0\bin;C:\Users\Xeon\AppData\Local\Microsoft\WindowsApps
USERNAME=Xeon
DISPLAY=:0.0
LC_ALL=en_US.UTF-8
OS=Windows_NT
PROCESSOR_IDENTIFIER=Intel64 Family 6 Model 62 Stepping 4, GenuineIntel



---------------  S Y S T E M  ---------------

OS: Windows 10 , 64 bit Build 19041 (10.0.19041.804)
OS uptime: 10 days 0:36 hours

CPU:total 24 (initial active 24) (12 cores per cpu, 2 threads per core) family 6 model 62 stepping 4 microcode 0x42e, cmov, cx8, fxsr, mmx, sse, sse2, sse3, ssse3, sse4.1, sse4.2, popcnt, avx, aes, clmul, erms, ht, tsc, tscinvbit

Memory: 4k page, system-wide physical 65501M (31350M free)
TotalPageFile size 94948M (AvailPageFile size 620M)
current process WorkingSet (physical memory assigned to process): 10M, peak: 10M
current process commit charge ("private bytes"): 82M, peak: 1106M

vm_info: OpenJDK 64-Bit Server VM (11.0.10+8-b1145.96) for windows-amd64 JRE (11.0.10+8-b1145.96), built on Feb 18 2021 01:38:16 by "" with MS VC++ 14.0 (VS2015)

END.
