#
# There is insufficient memory for the Java Runtime Environment to continue.
# Native memory allocation (mmap) failed to map 1073741824 bytes for Failed to commit area from 0x0000000400800000 to 0x0000000440800000 of length 1073741824.
# Possible reasons:
#   The system is out of physical RAM or swap space
#   The process is running with CompressedOops enabled, and the Java Heap may be blocking the growth of the native heap
# Possible solutions:
#   Reduce memory load on the system
#   Increase physical memory or swap space
#   Check if swap backing store is full
#   Decrease Java heap size (-Xmx/-Xms)
#   Decrease number of Java threads
#   Decrease Java thread stack sizes (-Xss)
#   Set larger code cache with -XX:ReservedCodeCacheSize=
#   JVM is running with Zero Based Compressed Oops mode in which the Java heap is
#     placed in the first 32GB address space. The Java Heap base address is the
#     maximum limit for the native heap growth. Please use -XX:HeapBaseMinAddress
#     to set the Java Heap base and to place the Java Heap above 32GB virtual address.
# This output file may be truncated or incomplete.
#
#  Out of Memory Error (./open/src/hotspot/os/windows/os_windows.cpp:3315), pid=48032, tid=30256
#
# JRE version:  (14.0.1+7) (build )
# Java VM: Java HotSpot(TM) 64-Bit Server VM (14.0.1+7, mixed mode, sharing, tiered, compressed oops, g1 gc, windows-amd64)
# No core dump will be written. Minidumps are not enabled by default on client versions of Windows
#

---------------  S U M M A R Y ------------

Command Line: -javaagent:C:\Program Files\JetBrains\IntelliJ IDEA Community Edition 2020.1.1\lib\idea_rt.jar=52851:C:\Program Files\JetBrains\IntelliJ IDEA Community Edition 2020.1.1\bin -Dfile.encoding=UTF-8 com.codegym.task.task38.task3804.Solution

Host: Intel(R) Xeon(R) CPU E5-2697 v2 @ 2.70GHz, 24 cores, 63G,  Windows 10 , 64 bit Build 19041 (10.0.19041.804)
Time: Tue Mar 23 14:28:00 2021 Œrodkowoeuropejski czas stand. elapsed time: 0 seconds (0d 0h 0m 0s)

---------------  T H R E A D  ---------------

Current thread (0x0000024cba4cd000):  JavaThread "Unknown thread" [_thread_in_vm, id=30256, stack(0x000000b7e2500000,0x000000b7e2600000)]

Stack: [0x000000b7e2500000,0x000000b7e2600000]
Native frames: (J=compiled Java code, j=interpreted, Vv=VM code, C=native code)
V  [jvm.dll+0x5f840a]
V  [jvm.dll+0x741e4a]
V  [jvm.dll+0x7435ff]
V  [jvm.dll+0x743c43]
V  [jvm.dll+0x20d288]
V  [jvm.dll+0x5f57ba]
V  [jvm.dll+0x5ea615]
V  [jvm.dll+0x2c7e9c]
V  [jvm.dll+0x2c7cd2]
V  [jvm.dll+0x2cdbbc]
V  [jvm.dll+0x313ff8]
V  [jvm.dll+0x313720]
V  [jvm.dll+0x2a092a]
V  [jvm.dll+0x2a1a79]
V  [jvm.dll+0x71f718]
V  [jvm.dll+0x321c44]
V  [jvm.dll+0x700b0c]
V  [jvm.dll+0x392dff]
V  [jvm.dll+0x394e71]
C  [jli.dll+0x523b]
C  [ucrtbase.dll+0x21bb2]
C  [KERNEL32.DLL+0x17034]
C  [ntdll.dll+0x52651]


---------------  P R O C E S S  ---------------

Threads class SMR info:
_java_thread_list=0x00007ffb67d53078, length=0, elements={
}

Java Threads: ( => current thread )

Other Threads:
  0x0000024cba59d800 GCTaskThread "GC Thread#0" [stack: 0x000000b7e2600000,0x000000b7e2700000] [id=37808]
  0x0000024cf8c52800 ConcurrentGCThread "G1 Main Marker" [stack: 0x000000b7e2700000,0x000000b7e2800000] [id=55680]
  0x0000024cf8c54800 ConcurrentGCThread "G1 Conc#0" [stack: 0x000000b7e2800000,0x000000b7e2900000] [id=31964]

[error occurred during error reporting (printing all threads), id 0xc0000005, EXCEPTION_ACCESS_VIOLATION (0xc0000005) at pc=0x00007ffb67581257]

VM state:not at safepoint (not fully initialized)

VM Mutex/Monitor currently owned by a thread:  ([mutex/lock_event])
[0x0000024cba4c82b0] Heap_lock - owner thread: 0x0000024cba4cd000

Heap address: 0x0000000400800000, size: 16376 MB, Compressed Oops mode: Zero based, Oop shift amount: 3
Narrow klass base: 0x0000000000000000, Narrow klass shift: 0

GC Heap History (0 events):
No events

Deoptimization events (0 events):
No events

Classes unloaded (0 events):
No events

Classes redefined (0 events):
No events

Internal exceptions (0 events):
No events

Events (2 events):
Event: 0.012 Loaded shared library C:\Program Files\Java\jdk-14.0.1\bin\java.dll
Event: 0.012 Loaded shared library C:\Program Files\Java\jdk-14.0.1\bin\zip.dll


Dynamic libraries:
0x00007ff7b1070000 - 0x00007ff7b107f000 	C:\Program Files\Java\jdk-14.0.1\bin\java.exe
0x00007ffb97270000 - 0x00007ffb97465000 	C:\WINDOWS\SYSTEM32\ntdll.dll
0x00007ffb953f0000 - 0x00007ffb954ad000 	C:\WINDOWS\System32\KERNEL32.DLL
0x00007ffb94ab0000 - 0x00007ffb94d79000 	C:\WINDOWS\System32\KERNELBASE.dll
0x00007ffb949b0000 - 0x00007ffb94ab0000 	C:\WINDOWS\System32\ucrtbase.dll
0x00007ffb8c9c0000 - 0x00007ffb8c9d8000 	C:\Program Files\Java\jdk-14.0.1\bin\jli.dll
0x00007ffb8c9e0000 - 0x00007ffb8c9f5000 	C:\Program Files\Java\jdk-14.0.1\bin\VCRUNTIME140.dll
0x00007ffb96a80000 - 0x00007ffb96b2c000 	C:\WINDOWS\System32\ADVAPI32.dll
0x00007ffb95a30000 - 0x00007ffb95ace000 	C:\WINDOWS\System32\msvcrt.dll
0x00007ffb95620000 - 0x00007ffb956bc000 	C:\WINDOWS\System32\sechost.dll
0x00007ffb96220000 - 0x00007ffb9634b000 	C:\WINDOWS\System32\RPCRT4.dll
0x00007ffb967a0000 - 0x00007ffb96940000 	C:\WINDOWS\System32\USER32.dll
0x00007ffb94e10000 - 0x00007ffb94e32000 	C:\WINDOWS\System32\win32u.dll
0x00007ffb957a0000 - 0x00007ffb957ca000 	C:\WINDOWS\System32\GDI32.dll
0x00007ffb7f020000 - 0x00007ffb7f2ba000 	C:\WINDOWS\WinSxS\amd64_microsoft.windows.common-controls_6595b64144ccf1df_6.0.19041.844_none_ca00b6081b84eb1d\COMCTL32.dll
0x00007ffb94ff0000 - 0x00007ffb950fb000 	C:\WINDOWS\System32\gdi32full.dll
0x00007ffb951b0000 - 0x00007ffb9524d000 	C:\WINDOWS\System32\msvcp_win.dll
0x00007ffb8f500000 - 0x00007ffb8f50a000 	C:\WINDOWS\SYSTEM32\VERSION.dll
0x00007ffb966b0000 - 0x00007ffb966e0000 	C:\WINDOWS\System32\IMM32.DLL
0x00007ffb894d0000 - 0x00007ffb8956b000 	C:\Program Files\Java\jdk-14.0.1\bin\msvcp140.dll
0x00007ffb672d0000 - 0x00007ffb67dee000 	C:\Program Files\Java\jdk-14.0.1\bin\server\jvm.dll
0x00007ffb96c00000 - 0x00007ffb96c08000 	C:\WINDOWS\System32\PSAPI.DLL
0x00007ffb865f0000 - 0x00007ffb86617000 	C:\WINDOWS\SYSTEM32\WINMM.dll
0x00007ffb81670000 - 0x00007ffb81679000 	C:\WINDOWS\SYSTEM32\WSOCK32.dll
0x00007ffb96b30000 - 0x00007ffb96b9b000 	C:\WINDOWS\System32\WS2_32.dll
0x00007ffb92930000 - 0x00007ffb92942000 	C:\WINDOWS\SYSTEM32\kernel.appcore.dll
0x00007ffb90980000 - 0x00007ffb9098a000 	C:\Program Files\Java\jdk-14.0.1\bin\jimage.dll
0x00007ffb832c0000 - 0x00007ffb834a4000 	C:\WINDOWS\SYSTEM32\DBGHELP.DLL
0x00007ffb82a80000 - 0x00007ffb82aac000 	C:\WINDOWS\SYSTEM32\dbgcore.DLL
0x00007ffb95250000 - 0x00007ffb952d0000 	C:\WINDOWS\System32\bcryptPrimitives.dll
0x00007ffb8dc00000 - 0x00007ffb8dc0e000 	C:\Program Files\Java\jdk-14.0.1\bin\instrument.dll
0x00007ffb8b780000 - 0x00007ffb8b7a5000 	C:\Program Files\Java\jdk-14.0.1\bin\java.dll
0x00007ffb89470000 - 0x00007ffb89486000 	C:\Program Files\Java\jdk-14.0.1\bin\zip.dll

dbghelp: loaded successfully - version: 4.0.5 - missing functions: none
symbol engine: initialized successfully - sym options: 0x614 - pdb path: .;C:\Program Files\Java\jdk-14.0.1\bin;C:\WINDOWS\SYSTEM32;C:\WINDOWS\WinSxS\amd64_microsoft.windows.common-controls_6595b64144ccf1df_6.0.19041.844_none_ca00b6081b84eb1d;C:\Program Files\Java\jdk-14.0.1\bin\server

VM Arguments:
jvm_args: -javaagent:C:\Program Files\JetBrains\IntelliJ IDEA Community Edition 2020.1.1\lib\idea_rt.jar=52851:C:\Program Files\JetBrains\IntelliJ IDEA Community Edition 2020.1.1\bin -Dfile.encoding=UTF-8 
java_command: com.codegym.task.task38.task3804.Solution
java_class_path (initial): C:\!!programowanie\CodeGymTasks2\CodeGymTasks3\CodeGymTasks\out\production\4.JavaCollections;C:\!!programowanie\plugins\jackson\jackson-core-2.12.1.jar;C:\!!programowanie\plugins\jackson\jackson-databind-2.12.1.jar;C:\!!programowanie\plugins\jackson\jackson-annotations-2.12.1.jar;C:\!!programowanie\plugins\jaxb\javax.activation-1.2.0.jar;C:\!!programowanie\plugins\jaxb\jaxb-api-2.3.0.jar;C:\!!programowanie\plugins\jaxb\jaxb-core-2.3.0.jar;C:\!!programowanie\plugins\jaxb\jaxb-impl-2.3.0.jar;C:\!!programowanie\plugins\slf4j\slf4j-api-1.7.30.jar;C:\Users\Xeon\.m2\repository\org\slf4j\slf4j-api\1.7.30\slf4j-api-1.7.30.jar;C:\!!programowanie\plugins\guava\guava-30.1-jre.jar;C:\!!programowanie\plugins\apache common collections\commons-collections4-4.4\commons-collections4-4.4.jar;C:\!!programowanie\plugins\junit4\junit4.3\junit-4.3.jar;C:\!!programowanie\plugins\junit4\hamcrest-core-1.3.jar
Launcher Type: SUN_STANDARD

[Global flags]
     intx CICompilerCount                          = 12                                        {product} {ergonomic}
     uint ConcGCThreads                            = 5                                         {product} {ergonomic}
     uint G1ConcRefinementThreads                  = 18                                        {product} {ergonomic}
   size_t G1HeapRegionSize                         = 4194304                                   {product} {ergonomic}
    uintx GCDrainStackTargetSize                   = 64                                        {product} {ergonomic}
   size_t InitialHeapSize                          = 1073741824                                {product} {ergonomic}
   size_t MarkStackSize                            = 4194304                                   {product} {ergonomic}
   size_t MaxHeapSize                              = 17171480576                               {product} {ergonomic}
   size_t MinHeapDeltaBytes                        = 4194304                                   {product} {ergonomic}
   size_t MinHeapSize                              = 8388608                                   {product} {ergonomic}
    uintx NonNMethodCodeHeapSize                   = 7602480                                {pd product} {ergonomic}
    uintx NonProfiledCodeHeapSize                  = 122027880                              {pd product} {ergonomic}
    uintx ProfiledCodeHeapSize                     = 122027880                              {pd product} {ergonomic}
    uintx ReservedCodeCacheSize                    = 251658240                              {pd product} {ergonomic}
     bool SegmentedCodeCache                       = true                                      {product} {ergonomic}
   size_t SoftMaxHeapSize                          = 17171480576                            {manageable} {ergonomic}
     bool UseCompressedClassPointers               = true                                 {lp64_product} {ergonomic}
     bool UseCompressedOops                        = true                                 {lp64_product} {ergonomic}
     bool UseG1GC                                  = true                                      {product} {ergonomic}
     bool UseLargePagesIndividualAllocation        = false                                  {pd product} {ergonomic}

Logging:
Log output configuration:
 #0: stdout all=warning uptime,level,tags
 #1: stderr all=off uptime,level,tags

Environment Variables:
PATH=C:\WINDOWS\system32;C:\WINDOWS;C:\WINDOWS\System32\Wbem;C:\WINDOWS\System32\WindowsPowerShell\v1.0\;C:\Program Files\Common Files\Autodesk Shared\;C:\Program Files (x86)\Autodesk\Backburner\;C:\Program Files (x86)\QuickTime\QTSystem\;C:\WINDOWS\System32\OpenSSH\;C:\Program Files\Microsoft SQL Server\120\Tools\Binn\;C:\Program Files\PuTTY\;C:\Program Files\Git\cmd;C:\Program Files\MySQL\MySQL Shell 8.0\bin\;C:\Users\Xeon\AppData\Local\Microsoft\WindowsApps;
USERNAME=Xeon
OS=Windows_NT
PROCESSOR_IDENTIFIER=Intel64 Family 6 Model 62 Stepping 4, GenuineIntel



---------------  S Y S T E M  ---------------

OS: Windows 10 , 64 bit Build 19041 (10.0.19041.804)
OS uptime: 4 days 5:27 hours

CPU:total 24 (initial active 24) (12 cores per cpu, 2 threads per core) family 6 model 62 stepping 4, cmov, cx8, fxsr, mmx, sse, sse2, sse3, ssse3, sse4.1, sse4.2, popcnt, avx, aes, clmul, erms, ht, tsc, tscinvbit

Memory: 4k page, system-wide physical 65501M (22523M free)
TotalPageFile size 95140M (AvailPageFile size 982M)
current process WorkingSet (physical memory assigned to process): 11M, peak: 11M
current process commit charge ("private bytes"): 83M, peak: 1106M

vm_info: Java HotSpot(TM) 64-Bit Server VM (14.0.1+7) for windows-amd64 JRE (14.0.1+7), built on Mar  5 2020 10:30:14 by "mach5one" with MS VC++ 15.9 (VS2017)

END.
