#
# There is insufficient memory for the Java Runtime Environment to continue.
# Native memory allocation (mmap) failed to map 1073741824 bytes for Failed to commit area from 0x0000000400800000 to 0x0000000440800000 of length 1073741824.
# Possible reasons:
#   The system is out of physical RAM or swap space
#   The process is running with CompressedOops enabled, and the Java Heap may be blocking the growth of the native heap
# Possible solutions:
#   Reduce memory load on the system
#   Increase physical memory or swap space
#   Check if swap backing store is full
#   Decrease Java heap size (-Xmx/-Xms)
#   Decrease number of Java threads
#   Decrease Java thread stack sizes (-Xss)
#   Set larger code cache with -XX:ReservedCodeCacheSize=
#   JVM is running with Zero Based Compressed Oops mode in which the Java heap is
#     placed in the first 32GB address space. The Java Heap base address is the
#     maximum limit for the native heap growth. Please use -XX:HeapBaseMinAddress
#     to set the Java Heap base and to place the Java Heap above 32GB virtual address.
# This output file may be truncated or incomplete.
#
#  Out of Memory Error (./open/src/hotspot/os/windows/os_windows.cpp:3315), pid=12268, tid=18728
#
# JRE version:  (14.0.1+7) (build )
# Java VM: Java HotSpot(TM) 64-Bit Server VM (14.0.1+7, mixed mode, sharing, tiered, compressed oops, g1 gc, windows-amd64)
# No core dump will be written. Minidumps are not enabled by default on client versions of Windows
#

---------------  S U M M A R Y ------------

Command Line: -agentlib:jdwp=transport=dt_socket,address=127.0.0.1:55190,suspend=y,server=n -javaagent:C:\Users\Xeon\AppData\Local\JetBrains\IdeaIC2020.2\captureAgent\debugger-agent.jar -Dfile.encoding=UTF-8 pl.codegym.task.task19.task1908.Solution

Host: Intel(R) Xeon(R) CPU E5-2697 v2 @ 2.70GHz, 24 cores, 63G,  Windows 10 , 64 bit Build 18362 (10.0.18362.959)
Time: Fri Sep  4 13:03:48 2020 ?rodkowoeuropejski czas letni elapsed time: 0 seconds (0d 0h 0m 0s)

---------------  T H R E A D  ---------------

Current thread (0x000002a3a54cc000):  JavaThread "Unknown thread" [_thread_in_vm, id=18728, stack(0x000000bb62200000,0x000000bb62300000)]

Stack: [0x000000bb62200000,0x000000bb62300000]
Native frames: (J=compiled Java code, j=interpreted, Vv=VM code, C=native code)
V  [jvm.dll+0x5f840a]
V  [jvm.dll+0x741e4a]
V  [jvm.dll+0x7435ff]
V  [jvm.dll+0x743c43]
V  [jvm.dll+0x20d288]
V  [jvm.dll+0x5f57ba]
V  [jvm.dll+0x5ea615]
V  [jvm.dll+0x2c7e9c]
V  [jvm.dll+0x2c7cd2]
V  [jvm.dll+0x2cdbbc]
V  [jvm.dll+0x313ff8]
V  [jvm.dll+0x313720]
V  [jvm.dll+0x2a092a]
V  [jvm.dll+0x2a1a79]
V  [jvm.dll+0x71f718]
V  [jvm.dll+0x321c44]
V  [jvm.dll+0x700b0c]
V  [jvm.dll+0x392dff]
V  [jvm.dll+0x394e71]
C  [jli.dll+0x523b]
C  [ucrtbase.dll+0x20e82]
C  [KERNEL32.DLL+0x17bd4]
C  [ntdll.dll+0x6ce51]


---------------  P R O C E S S  ---------------

Threads class SMR info:
_java_thread_list=0x00007ff8df7f3078, length=0, elements={
}

Java Threads: ( => current thread )

Other Threads:
  0x000002a3a559e000 GCTaskThread "GC Thread#0" [stack: 0x000000bb62300000,0x000000bb62400000] [id=9732]
  0x000002a3e3c41800 ConcurrentGCThread "G1 Main Marker" [stack: 0x000000bb62400000,0x000000bb62500000] [id=13984]
  0x000002a3e3c43000 ConcurrentGCThread "G1 Conc#0" [stack: 0x000000bb62500000,0x000000bb62600000] [id=20940]

[error occurred during error reporting (printing all threads), id 0xc0000005, EXCEPTION_ACCESS_VIOLATION (0xc0000005) at pc=0x00007ff8df021257]

VM state:not at safepoint (not fully initialized)

VM Mutex/Monitor currently owned by a thread:  ([mutex/lock_event])
[0x000002a3a54c7160] Heap_lock - owner thread: 0x000002a3a54cc000

Heap address: 0x0000000400800000, size: 16376 MB, Compressed Oops mode: Zero based, Oop shift amount: 3
Narrow klass base: 0x0000000000000000, Narrow klass shift: 0

GC Heap History (0 events):
No events

Deoptimization events (0 events):
No events

Classes unloaded (0 events):
No events

Classes redefined (0 events):
No events

Internal exceptions (0 events):
No events

Events (2 events):
Event: 0.018 Loaded shared library C:\Program Files\Java\jdk-14.0.1\bin\java.dll
Event: 0.019 Loaded shared library C:\Program Files\Java\jdk-14.0.1\bin\zip.dll


Dynamic libraries:
0x00007ff68da90000 - 0x00007ff68da9f000 	C:\Program Files\Java\jdk-14.0.1\bin\java.exe
0x00007ff93cec0000 - 0x00007ff93d0b0000 	C:\WINDOWS\SYSTEM32\ntdll.dll
0x00007ff93bd40000 - 0x00007ff93bdf2000 	C:\WINDOWS\System32\KERNEL32.DLL
0x00007ff93a170000 - 0x00007ff93a414000 	C:\WINDOWS\System32\KERNELBASE.dll
0x00007ff939ed0000 - 0x00007ff939fca000 	C:\WINDOWS\System32\ucrtbase.dll
0x00007ff92c310000 - 0x00007ff92c328000 	C:\Program Files\Java\jdk-14.0.1\bin\jli.dll
0x00007ff929fb0000 - 0x00007ff929fc5000 	C:\Program Files\Java\jdk-14.0.1\bin\VCRUNTIME140.dll
0x00007ff93b480000 - 0x00007ff93b523000 	C:\WINDOWS\System32\ADVAPI32.dll
0x00007ff93cdc0000 - 0x00007ff93ce5e000 	C:\WINDOWS\System32\msvcrt.dll
0x00007ff93b5e0000 - 0x00007ff93b677000 	C:\WINDOWS\System32\sechost.dll
0x00007ff93af70000 - 0x00007ff93b090000 	C:\WINDOWS\System32\RPCRT4.dll
0x00007ff93c1c0000 - 0x00007ff93c354000 	C:\WINDOWS\System32\USER32.dll
0x00007ff939e40000 - 0x00007ff939e61000 	C:\WINDOWS\System32\win32u.dll
0x00007ff93b830000 - 0x00007ff93b856000 	C:\WINDOWS\System32\GDI32.dll
0x00007ff92a700000 - 0x00007ff92a984000 	C:\WINDOWS\WinSxS\amd64_microsoft.windows.common-controls_6595b64144ccf1df_6.0.18362.959_none_e6c7bbbf130c62bb\COMCTL32.dll
0x00007ff939fd0000 - 0x00007ff93a166000 	C:\WINDOWS\System32\gdi32full.dll
0x00007ff93ae00000 - 0x00007ff93ae9e000 	C:\WINDOWS\System32\msvcp_win.dll
0x00007ff93be80000 - 0x00007ff93c1b5000 	C:\WINDOWS\System32\combase.dll
0x00007ff93a570000 - 0x00007ff93a5f0000 	C:\WINDOWS\System32\bcryptPrimitives.dll
0x00007ff935c00000 - 0x00007ff935c0a000 	C:\WINDOWS\SYSTEM32\VERSION.dll
0x00007ff93c4b0000 - 0x00007ff93c4de000 	C:\WINDOWS\System32\IMM32.DLL
0x00007ff91ea10000 - 0x00007ff91eaab000 	C:\Program Files\Java\jdk-14.0.1\bin\msvcp140.dll
0x00007ff8ded70000 - 0x00007ff8df88e000 	C:\Program Files\Java\jdk-14.0.1\bin\server\jvm.dll
0x00007ff93b240000 - 0x00007ff93b248000 	C:\WINDOWS\System32\PSAPI.DLL
0x00007ff92ea10000 - 0x00007ff92ea19000 	C:\WINDOWS\SYSTEM32\WSOCK32.dll
0x00007ff931570000 - 0x00007ff931594000 	C:\WINDOWS\SYSTEM32\WINMM.dll
0x00007ff93be00000 - 0x00007ff93be6f000 	C:\WINDOWS\System32\WS2_32.dll
0x00007ff9313b0000 - 0x00007ff9313dd000 	C:\WINDOWS\SYSTEM32\WINMMBASE.dll
0x00007ff93adb0000 - 0x00007ff93adfa000 	C:\WINDOWS\System32\cfgmgr32.dll
0x00007ff939df0000 - 0x00007ff939e01000 	C:\WINDOWS\System32\kernel.appcore.dll
0x00007ff929fa0000 - 0x00007ff929faa000 	C:\Program Files\Java\jdk-14.0.1\bin\jimage.dll
0x00007ff9308a0000 - 0x00007ff930a94000 	C:\WINDOWS\SYSTEM32\DBGHELP.DLL
0x00007ff92ef10000 - 0x00007ff92ef3a000 	C:\WINDOWS\SYSTEM32\dbgcore.DLL
0x00007ff91ef70000 - 0x00007ff91efa8000 	C:\Program Files\Java\jdk-14.0.1\bin\jdwp.dll
0x00007ff91ee20000 - 0x00007ff91ee45000 	C:\Program Files\Java\jdk-14.0.1\bin\java.dll
0x00007ff929f70000 - 0x00007ff929f7e000 	C:\Program Files\Java\jdk-14.0.1\bin\instrument.dll
0x00007ff913d40000 - 0x00007ff913d56000 	C:\Program Files\Java\jdk-14.0.1\bin\zip.dll

dbghelp: loaded successfully - version: 4.0.5 - missing functions: none
symbol engine: initialized successfully - sym options: 0x614 - pdb path: .;C:\Program Files\Java\jdk-14.0.1\bin;C:\WINDOWS\SYSTEM32;C:\WINDOWS\WinSxS\amd64_microsoft.windows.common-controls_6595b64144ccf1df_6.0.18362.959_none_e6c7bbbf130c62bb;C:\Program Files\Java\jdk-14.0.1\bin\server

VM Arguments:
jvm_args: -agentlib:jdwp=transport=dt_socket,address=127.0.0.1:55190,suspend=y,server=n -javaagent:C:\Users\Xeon\AppData\Local\JetBrains\IdeaIC2020.2\captureAgent\debugger-agent.jar -Dfile.encoding=UTF-8 
java_command: pl.codegym.task.task19.task1908.Solution
java_class_path (initial): C:\!!programowanie\CodeGymTasks2\CodeGymTasks3\CodeGymTasks\out\production\2.JavaCore;C:\Program Files\JetBrains\IntelliJ IDEA Community Edition 2020.1.1\lib\idea_rt.jar
Launcher Type: SUN_STANDARD

[Global flags]
     intx CICompilerCount                          = 12                                        {product} {ergonomic}
     uint ConcGCThreads                            = 5                                         {product} {ergonomic}
     uint G1ConcRefinementThreads                  = 18                                        {product} {ergonomic}
   size_t G1HeapRegionSize                         = 4194304                                   {product} {ergonomic}
    uintx GCDrainStackTargetSize                   = 64                                        {product} {ergonomic}
   size_t InitialHeapSize                          = 1073741824                                {product} {ergonomic}
   size_t MarkStackSize                            = 4194304                                   {product} {ergonomic}
   size_t MaxHeapSize                              = 17171480576                               {product} {ergonomic}
   size_t MinHeapDeltaBytes                        = 4194304                                   {product} {ergonomic}
   size_t MinHeapSize                              = 8388608                                   {product} {ergonomic}
    uintx NonNMethodCodeHeapSize                   = 7602480                                {pd product} {ergonomic}
    uintx NonProfiledCodeHeapSize                  = 122027880                              {pd product} {ergonomic}
    uintx ProfiledCodeHeapSize                     = 122027880                              {pd product} {ergonomic}
    uintx ReservedCodeCacheSize                    = 251658240                              {pd product} {ergonomic}
     bool SegmentedCodeCache                       = true                                      {product} {ergonomic}
   size_t SoftMaxHeapSize                          = 17171480576                            {manageable} {ergonomic}
     bool UseCompressedClassPointers               = true                                 {lp64_product} {ergonomic}
     bool UseCompressedOops                        = true                                 {lp64_product} {ergonomic}
     bool UseG1GC                                  = true                                      {product} {ergonomic}
     bool UseLargePagesIndividualAllocation        = false                                  {pd product} {ergonomic}

Logging:
Log output configuration:
 #0: stdout all=warning uptime,level,tags
 #1: stderr all=off uptime,level,tags

Environment Variables:
PATH=C:\WINDOWS\system32;C:\WINDOWS;C:\WINDOWS\System32\Wbem;C:\WINDOWS\System32\WindowsPowerShell\v1.0\;C:\Program Files\Common Files\Autodesk Shared\;C:\Program Files (x86)\Autodesk\Backburner\;C:\Program Files (x86)\QuickTime\QTSystem\;C:\WINDOWS\System32\OpenSSH\;C:\Program Files\Microsoft SQL Server\120\Tools\Binn\;C:\Program Files\PuTTY\;C:\Users\Xeon\AppData\Local\Microsoft\WindowsApps;
USERNAME=Xeon
OS=Windows_NT
PROCESSOR_IDENTIFIER=Intel64 Family 6 Model 62 Stepping 4, GenuineIntel



---------------  S Y S T E M  ---------------

OS: Windows 10 , 64 bit Build 18362 (10.0.18362.959)
OS uptime: 8 days 0:09 hours

CPU:total 24 (initial active 24) (12 cores per cpu, 2 threads per core) family 6 model 62 stepping 4, cmov, cx8, fxsr, mmx, sse, sse2, sse3, ssse3, sse4.1, sse4.2, popcnt, avx, aes, clmul, erms, ht, tsc, tscinvbit

Memory: 4k page, system-wide physical 65501M (18367M free)
TotalPageFile size 95140M (AvailPageFile size 331M)
current process WorkingSet (physical memory assigned to process): 11M, peak: 11M
current process commit charge ("private bytes"): 83M, peak: 1107M

vm_info: Java HotSpot(TM) 64-Bit Server VM (14.0.1+7) for windows-amd64 JRE (14.0.1+7), built on Mar  5 2020 10:30:14 by "mach5one" with MS VC++ 15.9 (VS2017)

END.
